<?xml version="1.0" encoding="UTF-8"?>
<!-- Generated by org.testng.reporters.JUnitXMLReporter -->
<testsuite ignored="0" hostname="marian-Yoga-7-14IRL8" failures="0" tests="12" name="Surefire test" time="0.012" errors="0" timestamp="20 nov. 2023 14:31:37 GMT">
  <testcase classname="PrimerTest" name="testCase1" time="0.0"/>
  <testcase classname="PrimerTest" name="testCase2" time="0.0"/>
  <testcase classname="LibraryTest" name="testLibraryFunctionality" time="0.0"/>
  <testcase classname="SegundoTest" name="Auto1" time="0.0"/>
  <testcase classname="SegundoTest" name="Scooter1" time="0.0"/>
  <testcase classname="SegundoTest" name="Scooter2" time="0.0"/>
  <testcase classname="SegundoTest" name="Sedan1" time="0.0"/>
  <testcase classname="SumaTest" name="sumarFlotantes" time="0.0"/>
  <testcase classname="SumaTest" name="sumarLetras" time="0.0"/>
  <testcase classname="SumaTest" name="sumarNegativos" time="0.0"/>
  <testcase classname="SumaTest" name="sumarNulos" time="0.0"/>
  <testcase classname="SumaTest" name="sumarPositivos" time="0.0"/>
</testsuite> <!-- Surefire test -->
